<?xml version="1.0" encoding="UTF-8"?>
<testng-results skipped="0" failed="0" ignored="0" total="0" passed="0">
  <reporter-output>
  </reporter-output>
  <suite name="com.atmecs.test.test.SampleTest" duration-ms="7" started-at="2021-03-31T09:04:36Z" finished-at="2021-03-31T09:04:36Z">
    <groups>
    </groups>
    <test name="Command line test" duration-ms="7" started-at="2021-03-31T09:04:36Z" finished-at="2021-03-31T09:04:36Z">
    </test> <!-- Command line test -->
  </suite> <!-- com.atmecs.test.test.SampleTest -->
</testng-results>
